#
# A fatal error has been detected by the Java Runtime Environment:
#
#  Internal Error (javaCalls.cpp:51), pid=1632, tid=0x0000000000003e7c
#  guarantee(thread->is_Java_thread()) failed: crucial check - the VM thread cannot and must not escape to Java code
#
# JRE version: Java(TM) SE Runtime Environment (8.0_181-b13) (build 1.8.0_181-b13)
# Java VM: Java HotSpot(TM) 64-Bit Server VM (25.181-b13 mixed mode windows-amd64 compressed oops)
# Failed to write core dump. Minidumps are not enabled by default on client versions of Windows
#
# If you would like to submit a bug report, please visit:
#   http://bugreport.java.com/bugreport/crash.jsp
#

---------------  T H R E A D  ---------------

Current thread (0x0000000019597000):  VMThread [stack: 0x000000001a640000,0x000000001a740000] [id=15996]

Stack: [0x000000001a640000,0x000000001a740000]
[error occurred during error reporting (printing stack bounds), id 0xc0000005]

Native frames: (J=compiled Java code, j=interpreted, Vv=VM code, C=native code)

VM_Operation (0x000000001ad2f5d0): GetOrSetLocal, mode: safepoint, requested by thread 0x00000000195e1800


---------------  P R O C E S S  ---------------

Java Threads: ( => current thread )
  0x000000001afb3000 JavaThread "Service Thread" daemon [_thread_blocked, id=14780, stack(0x000000001b630000,0x000000001b730000)]
  0x000000001afb2000 JavaThread "C1 CompilerThread2" daemon [_thread_blocked, id=9468, stack(0x000000001b530000,0x000000001b630000)]
  0x000000001962c000 JavaThread "C2 CompilerThread1" daemon [_thread_blocked, id=5948, stack(0x000000001b430000,0x000000001b530000)]
  0x000000001962b800 JavaThread "C2 CompilerThread0" daemon [_thread_blocked, id=672, stack(0x000000001b330000,0x000000001b430000)]
  0x00000000195f2800 JavaThread "JDWP Command Reader" daemon [_thread_in_native, id=16716, stack(0x000000001ae30000,0x000000001af30000)]
  0x00000000195ef000 JavaThread "JDWP Event Helper Thread" daemon [_thread_blocked, id=11820, stack(0x000000001ad30000,0x000000001ae30000)]
  0x00000000195e1800 JavaThread "JDWP Transport Listener: dt_socket" daemon [_thread_blocked, id=15696, stack(0x000000001ac30000,0x000000001ad30000)]
  0x00000000195d7800 JavaThread "Attach Listener" daemon [_thread_blocked, id=16008, stack(0x000000001ab30000,0x000000001ac30000)]
  0x000000000254e000 JavaThread "Signal Dispatcher" daemon [_thread_blocked, id=16096, stack(0x000000001aa30000,0x000000001ab30000)]
  0x00000000195b9000 JavaThread "Finalizer" daemon [_thread_blocked, id=8908, stack(0x000000001a840000,0x000000001a940000)]
  0x0000000002544000 JavaThread "Reference Handler" daemon [_thread_blocked, id=13192, stack(0x000000001a740000,0x000000001a840000)]
  0x0000000002453800 JavaThread "main" [_thread_blocked, id=640, stack(0x0000000002160000,0x0000000002260000)]

Other Threads:
=>0x0000000019597000 VMThread [stack: 0x000000001a640000,0x000000001a740000] [id=15996]
  0x000000001b0bd800 WatcherThread [stack: 0x000000001b730000,0x000000001b830000] [id=8728]

VM state:at safepoint (normal execution)

VM Mutex/Monitor currently owned by a thread:  ([mutex/lock_event])
[0x0000000002450fd0] Threads_lock - owner thread: 0x0000000019597000

Heap:
 PSYoungGen      total 57344K, used 2955K [0x0000000780980000, 0x0000000784980000, 0x00000007c0000000)
  eden space 49152K, 6% used [0x0000000780980000,0x0000000780c62c80,0x0000000783980000)
  from space 8192K, 0% used [0x0000000784180000,0x0000000784180000,0x0000000784980000)
  to   space 8192K, 0% used [0x0000000783980000,0x0000000783980000,0x0000000784180000)
 ParOldGen       total 131072K, used 0K [0x0000000701c00000, 0x0000000709c00000, 0x0000000780980000)
  object space 131072K, 0% used [0x0000000701c00000,0x0000000701c00000,0x0000000709c00000)
 Metaspace       used 3240K, capacity 4664K, committed 4864K, reserved 1056768K
  class space    used 352K, capacity 424K, committed 512K, reserved 1048576K

Card table byte_map: [0x0000000011910000,0x0000000011f10000] byte_map_base: 0x000000000e102000

Marking Bits: (ParMarkBitMap*) 0x0000000069402d00
 Begin Bits: [0x0000000012710000, 0x00000000156a0000)
 End Bits:   [0x00000000156a0000, 0x0000000018630000)

Polling page: 0x0000000000a00000

CodeCache: size=245760Kb used=1115Kb max_used=1120Kb free=244644Kb
 bounds [0x0000000002550000, 0x00000000027c0000, 0x0000000011550000]
 total_blobs=264 nmethods=27 adapters=158
 compilation: enabled

Compilation events (10 events):
Event: 0.264 Thread 0x000000001afb2000 nmethod 21 0x0000000002663bd0 code [0x0000000002663d80, 0x00000000026644b8]
Event: 0.264 Thread 0x000000001afb2000   23       3       java.io.WinNTFileSystem::isLetter (30 bytes)
Event: 0.264 Thread 0x000000001afb2000 nmethod 23 0x00000000026648d0 code [0x0000000002664a40, 0x0000000002664c90]
Event: 0.266 Thread 0x000000001962b800 nmethod 22 0x0000000002667b90 code [0x0000000002667ce0, 0x0000000002667f88]
Event: 0.266 Thread 0x000000001afb2000   25       3       java.util.HashMap::getNode (148 bytes)
Event: 0.266 Thread 0x000000001afb2000 nmethod 25 0x0000000002666cd0 code [0x0000000002666ea0, 0x0000000002667888]
Event: 0.267 Thread 0x000000001afb2000   26       3       java.lang.String::toCharArray (25 bytes)
Event: 0.267 Thread 0x000000001afb2000 nmethod 26 0x0000000002666810 code [0x0000000002666980, 0x0000000002666c08]
Event: 1483.610 Thread 0x000000001afb2000   27       3       java.util.HashMap::get (23 bytes)
Event: 1483.611 Thread 0x000000001afb2000 nmethod 27 0x0000000002666110 code [0x00000000026662a0, 0x00000000026666b8]

GC Heap History (0 events):
No events

Deoptimization events (0 events):
No events

Classes redefined (10 events):
Event: 1562.649 Thread 0x0000000019597000 redefined class name=HomeWork.Ex16_Calcul, count=11
Event: 1760.922 Thread 0x0000000019597000 redefined class name=HomeWork.Ex16_1, count=2
Event: 1773.280 Thread 0x0000000019597000 redefined class name=HomeWork.Ex16_Calcul, count=12
Event: 1781.948 Thread 0x0000000019597000 redefined class name=HomeWork.Ex16_Calcul, count=13
Event: 1819.314 Thread 0x0000000019597000 redefined class name=HomeWork.Ex16_Calcul, count=14
Event: 1846.196 Thread 0x0000000019597000 redefined class name=HomeWork.Ex16_Calcul, count=15
Event: 1873.131 Thread 0x0000000019597000 redefined class name=HomeWork.Ex16_Calcul, count=16
Event: 1898.181 Thread 0x0000000019597000 redefined class name=HomeWork.Ex16_Calcul, count=17
Event: 1923.140 Thread 0x0000000019597000 redefined class name=HomeWork.Ex16_Calcul, count=18
Event: 2272.013 Thread 0x0000000019597000 redefined class name=HomeWork.Ex16_1, count=3

Internal exceptions (2 events):
Event: 0.058 Thread 0x0000000002453800 Exception <a 'java/lang/NoSuchMethodError': Method sun.misc.Unsafe.defineClass(Ljava/lang/String;[BII)Ljava/lang/Class; name or signature does not match> (0x0000000780987cb0) thrown at [C:\re\workspace\8-2-build-windows-amd64-cygwin\jdk8u181\11358\hotspot
Event: 0.058 Thread 0x0000000002453800 Exception <a 'java/lang/NoSuchMethodError': Method sun.misc.Unsafe.prefetchRead(Ljava/lang/Object;J)V name or signature does not match> (0x0000000780987f98) thrown at [C:\re\workspace\8-2-build-windows-amd64-cygwin\jdk8u181\11358\hotspot\src\share\vm\prim

Events (10 events):
Event: 2272.018 Executing VM operation: ChangeBreakpoints done
Event: 2272.018 Executing VM operation: ChangeBreakpoints
Event: 2272.018 Executing VM operation: ChangeBreakpoints done
Event: 2272.019 Executing VM operation: ChangeBreakpoints
Event: 2272.019 Executing VM operation: ChangeBreakpoints done
Event: 2272.019 Executing VM operation: ChangeBreakpoints
Event: 2272.019 Executing VM operation: ChangeBreakpoints done
Event: 2272.020 Executing VM operation: ChangeBreakpoints
Event: 2272.020 Executing VM operation: ChangeBreakpoints done
Event: 2272.034 Executing VM operation: GetOrSetLocal


Dynamic libraries:
0x00007ff777ad0000 - 0x00007ff777b07000 	C:\Program Files\Java\jdk1.8.0_181\bin\java.exe
0x00007ffce6aa0000 - 0x00007ffce6c72000 	C:\Windows\SYSTEM32\ntdll.dll
0x00007ffce6690000 - 0x00007ffce673c000 	C:\Windows\System32\KERNEL32.DLL
0x00007ffcc2800000 - 0x00007ffcc2834000 	C:\Program Files\AVAST Software\Avast\x64\aswhooka.dll
0x00007ffce2fa0000 - 0x00007ffce31bd000 	C:\Windows\System32\KERNELBASE.dll
0x00007ffce6750000 - 0x00007ffce67f2000 	C:\Windows\System32\ADVAPI32.dll
0x00007ffce4460000 - 0x00007ffce44fe000 	C:\Windows\System32\msvcrt.dll
0x00007ffce65f0000 - 0x00007ffce6649000 	C:\Windows\System32\sechost.dll
0x00007ffce4500000 - 0x00007ffce4621000 	C:\Windows\System32\RPCRT4.dll
0x00007ffce6870000 - 0x00007ffce69d5000 	C:\Windows\System32\USER32.dll
0x00007ffce3930000 - 0x00007ffce394e000 	C:\Windows\System32\win32u.dll
0x00007ffce6650000 - 0x00007ffce6684000 	C:\Windows\System32\GDI32.dll
0x00007ffce31c0000 - 0x00007ffce3340000 	C:\Windows\System32\gdi32full.dll
0x00007ffcddf50000 - 0x00007ffcde1ca000 	C:\Windows\WinSxS\amd64_microsoft.windows.common-controls_6595b64144ccf1df_6.0.14393.2248_none_7ddece3683436ba6\COMCTL32.dll
0x00007ffce48a0000 - 0x00007ffce4b68000 	C:\Windows\System32\combase.dll
0x00007ffce3500000 - 0x00007ffce35f5000 	C:\Windows\System32\ucrtbase.dll
0x00007ffce38c0000 - 0x00007ffce392a000 	C:\Windows\System32\bcryptPrimitives.dll
0x00007ffce42c0000 - 0x00007ffce42ee000 	C:\Windows\System32\IMM32.DLL
0x0000000069490000 - 0x0000000069562000 	C:\Program Files\Java\jdk1.8.0_181\jre\bin\msvcr100.dll
0x0000000068be0000 - 0x0000000069482000 	C:\Program Files\Java\jdk1.8.0_181\jre\bin\server\jvm.dll
0x00007ffce6740000 - 0x00007ffce6748000 	C:\Windows\System32\PSAPI.DLL
0x00007ffce0380000 - 0x00007ffce0389000 	C:\Windows\SYSTEM32\WSOCK32.dll
0x00007ffce4250000 - 0x00007ffce42ba000 	C:\Windows\System32\WS2_32.dll
0x00007ffce0cc0000 - 0x00007ffce0ce3000 	C:\Windows\SYSTEM32\WINMM.dll
0x00007ffcde1d0000 - 0x00007ffcde1da000 	C:\Windows\SYSTEM32\VERSION.dll
0x00007ffce0c90000 - 0x00007ffce0cbb000 	C:\Windows\SYSTEM32\WINMMBASE.dll
0x00007ffce3600000 - 0x00007ffce3642000 	C:\Windows\System32\cfgmgr32.dll
0x0000000068bd0000 - 0x0000000068bdf000 	C:\Program Files\Java\jdk1.8.0_181\jre\bin\verify.dll
0x0000000068ba0000 - 0x0000000068bc9000 	C:\Program Files\Java\jdk1.8.0_181\jre\bin\java.dll
0x0000000068b40000 - 0x0000000068b75000 	C:\Program Files\Java\jdk1.8.0_181\jre\bin\jdwp.dll
0x0000000068a50000 - 0x0000000068a58000 	C:\Program Files\Java\jdk1.8.0_181\jre\bin\npt.dll
0x0000000068a20000 - 0x0000000068a43000 	C:\Program Files\Java\jdk1.8.0_181\jre\bin\instrument.dll
0x0000000068b80000 - 0x0000000068b96000 	C:\Program Files\Java\jdk1.8.0_181\jre\bin\zip.dll
0x00007ffce50e0000 - 0x00007ffce65e9000 	C:\Windows\System32\SHELL32.dll
0x00007ffce3950000 - 0x00007ffce4029000 	C:\Windows\System32\windows.storage.dll
0x00007ffce2f20000 - 0x00007ffce2f6c000 	C:\Windows\System32\powrprof.dll
0x00007ffce42f0000 - 0x00007ffce4342000 	C:\Windows\System32\shlwapi.dll
0x00007ffce2f70000 - 0x00007ffce2f7f000 	C:\Windows\System32\kernel.appcore.dll
0x00007ffce33a0000 - 0x00007ffce3449000 	C:\Windows\System32\shcore.dll
0x00007ffce2f80000 - 0x00007ffce2f94000 	C:\Windows\System32\profapi.dll
0x0000000068a10000 - 0x0000000068a19000 	C:\Program Files\Java\jdk1.8.0_181\jre\bin\dt_socket.dll
0x00007ffce27e0000 - 0x00007ffce283c000 	C:\Windows\system32\mswsock.dll

VM Arguments:
jvm_args: -agentlib:jdwp=transport=dt_socket,address=127.0.0.1:62585,suspend=y,server=n -javaagent:C:\Users\AguRok\.IdeaIC2018.2\system\captureAgent\debugger-agent.jar=file:/C:/Users/AguRok/AppData/Local/Temp/capture.props -Dfile.encoding=UTF-8 
java_command: HomeWork.Ex16_Calcul
java_class_path (initial): C:\Program Files\Java\jdk1.8.0_181\jre\lib\charsets.jar;C:\Program Files\Java\jdk1.8.0_181\jre\lib\deploy.jar;C:\Program Files\Java\jdk1.8.0_181\jre\lib\ext\access-bridge-64.jar;C:\Program Files\Java\jdk1.8.0_181\jre\lib\ext\cldrdata.jar;C:\Program Files\Java\jdk1.8.0_181\jre\lib\ext\dnsns.jar;C:\Program Files\Java\jdk1.8.0_181\jre\lib\ext\jaccess.jar;C:\Program Files\Java\jdk1.8.0_181\jre\lib\ext\jfxrt.jar;C:\Program Files\Java\jdk1.8.0_181\jre\lib\ext\localedata.jar;C:\Program Files\Java\jdk1.8.0_181\jre\lib\ext\nashorn.jar;C:\Program Files\Java\jdk1.8.0_181\jre\lib\ext\sunec.jar;C:\Program Files\Java\jdk1.8.0_181\jre\lib\ext\sunjce_provider.jar;C:\Program Files\Java\jdk1.8.0_181\jre\lib\ext\sunmscapi.jar;C:\Program Files\Java\jdk1.8.0_181\jre\lib\ext\sunpkcs11.jar;C:\Program Files\Java\jdk1.8.0_181\jre\lib\ext\zipfs.jar;C:\Program Files\Java\jdk1.8.0_181\jre\lib\javaws.jar;C:\Program Files\Java\jdk1.8.0_181\jre\lib\jce.jar;C:\Program Files\Java\jdk1.8.0_181\jre\lib\jfr.jar;C:\Program Files\Java\jdk1.8.0_181\jre\lib\jfxswt.jar;C:\Program Files\Java\jdk1.8.0_181\jre\lib\jsse.jar;C:\Program Files\Java\jdk1.8.0_181\jre\lib\management-agent.jar;C:\Program Files\Java\jdk1.8.0_181\jre\lib\plugin.jar;C:\Program Files\Java\jdk1.8.0_181\jre\lib\resources.jar;C:\Program Files\Java\jdk1.8.0_181\jre\lib\rt.jar;C:\Users\AguRok\IdeaProjects\MyProject\target\classes;C:\Program Files\JetBrains\IntelliJ IDEA Community Edition 2018.2.4\lib\idea_rt.jar;C:\Users\AguRok\.IdeaIC2018.2\system\captureAgent\debugger-agent.jar
Launcher Type: SUN_STANDARD

Environment Variables:
JAVA_HOME=C:\Program Files\Java\jdk1.8.0_181
JRE_HOME=C:\Program Files\Java\jdk1.8.0_181\jre
CLASSPATH=.;C:\Program Files\Java\jdk1.8.0_181\lib;C:\Program Files\Java\jdk1.8.0_181\jre\lib
PATH=C:\Program Files (x86)\Intel\iCLS Client\;C:\Program Files\Intel\iCLS Client\;C:\Windows\system32;C:\Windows;C:\Windows\System32\Wbem;C:\Windows\System32\WindowsPowerShell\v1.0\;C:\Program Files (x86)\Intel\Intel(R) Management Engine Components\DAL;C:\Program Files\Intel\Intel(R) Management Engine Components\DAL;C:\Program Files (x86)\Intel\Intel(R) Management Engine Components\IPT;C:\Program Files\Intel\Intel(R) Management Engine Components\IPT;C:\Program Files (x86)\NVIDIA Corporation\PhysX\Common;C:\Program Files\Java\jdk1.8.0_181\bin;C:\Program Files\Git\cmd;C:\Program Files\Git\mingw64\bin;C:\Program Files\Git\usr\bin;your-unique-entries;C:\Program Files\Java\jdk1.8.0_181\bin
USERNAME=AguRok
OS=Windows_NT
PROCESSOR_IDENTIFIER=Intel64 Family 6 Model 142 Stepping 9, GenuineIntel



---------------  S Y S T E M  ---------------

OS: Windows 10.0 , 64 bit Build 14393 (10.0.14393.2214)

CPU:total 4 (initial active 4) (2 cores per cpu, 2 threads per core) family 6 model 142 stepping 9, cmov, cx8, fxsr, mmx, sse, sse2, sse3, ssse3, sse4.1, sse4.2, popcnt, avx, avx2, aes, clmul, erms, 3dnowpref, lzcnt, ht, tsc, tscinvbit, bmi1, bmi2, adx

Memory: 4k page, physical 12460580k(6238100k free), swap 16428816k(4211304k free)

vm_info: Java HotSpot(TM) 64-Bit Server VM (25.181-b13) for windows-amd64 JRE (1.8.0_181-b13), built on Jul  7 2018 04:01:33 by "java_re" with MS VC++ 10.0 (VS2010)

time: Wed Nov 14 22:39:34 2018
elapsed time: 2272 seconds (0d 0h 37m 52s)

